[0m00:57:08.220426 [debug] [MainThread]: Sending event: {'category': 'dbt', 'action': 'invocation', 'label': 'start', 'context': [<snowplow_tracker.self_describing_json.SelfDescribingJson object at 0x1070e87d0>, <snowplow_tracker.self_describing_json.SelfDescribingJson object at 0x1070feb90>, <snowplow_tracker.self_describing_json.SelfDescribingJson object at 0x1070ff210>]}


============================== 00:57:08.223020 | fce37608-abec-45ad-bbfd-484e8a84fe23 ==============================
[0m00:57:08.223020 [info ] [MainThread]: Running with dbt=1.7.10
[0m00:57:08.223352 [debug] [MainThread]: running dbt with arguments {'printer_width': '80', 'indirect_selection': 'eager', 'log_cache_events': 'False', 'write_json': 'True', 'partial_parse': 'True', 'cache_selected_only': 'False', 'profiles_dir': '/Users/fadhelfalah/.dbt', 'version_check': 'True', 'debug': 'False', 'log_path': 'logs', 'fail_fast': 'False', 'warn_error': 'None', 'use_colors': 'True', 'use_experimental_parser': 'False', 'no_print': 'None', 'quiet': 'False', 'warn_error_options': 'WarnErrorOptions(include=[], exclude=[])', 'introspect': 'True', 'log_format': 'default', 'invocation_command': 'dbt init airflowdbt', 'target_path': 'None', 'static_parser': 'True', 'send_anonymous_usage_stats': 'True'}
[0m00:57:08.223841 [debug] [MainThread]: Starter project path: /Library/Frameworks/Python.framework/Versions/3.11/lib/python3.11/site-packages/dbt/include/starter_project
[0m00:57:08.227170 [info ] [MainThread]: 
Your new dbt project "airflowdbt" was created!

For more information on how to configure the profiles.yml file,
please consult the dbt documentation here:

  https://docs.getdbt.com/docs/configure-your-profile

One more thing:

Need help? Don't hesitate to reach out to us via GitHub issues or on Slack:

  https://community.getdbt.com/

Happy modeling!

[0m00:57:08.227359 [info ] [MainThread]: Setting up your profile.
[0m00:58:19.274808 [info ] [MainThread]: Profile airflowdbt written to /Users/fadhelfalah/.dbt/profiles.yml using target's profile_template.yml and your supplied values. Run 'dbt debug' to validate the connection.
[0m00:58:19.283700 [debug] [MainThread]: Resource report: {"command_name": "init", "command_success": true, "command_wall_clock_time": 71.07442, "process_user_time": 0.782465, "process_kernel_time": 0.15426, "process_mem_max_rss": "104726528", "process_in_blocks": "0", "process_out_blocks": "0"}
[0m00:58:19.285189 [debug] [MainThread]: Command `dbt init` succeeded at 00:58:19.284903 after 71.08 seconds
[0m00:58:19.286664 [debug] [MainThread]: Sending event: {'category': 'dbt', 'action': 'invocation', 'label': 'end', 'context': [<snowplow_tracker.self_describing_json.SelfDescribingJson object at 0x1070fe890>, <snowplow_tracker.self_describing_json.SelfDescribingJson object at 0x102530050>, <snowplow_tracker.self_describing_json.SelfDescribingJson object at 0x102484710>]}
[0m00:58:19.287741 [debug] [MainThread]: Flushing usage events
