[2024-03-23 16:23:16,862] {taskinstance.py:1179} INFO - Dependencies all met for <TaskInstance: load_data_to_postgres.load_to_postgres manual__2024-03-23T16:23:07.441961+00:00 [queued]>
[2024-03-23 16:23:16,881] {taskinstance.py:1179} INFO - Dependencies all met for <TaskInstance: load_data_to_postgres.load_to_postgres manual__2024-03-23T16:23:07.441961+00:00 [queued]>
[2024-03-23 16:23:16,882] {taskinstance.py:1376} INFO - 
--------------------------------------------------------------------------------
[2024-03-23 16:23:16,883] {taskinstance.py:1377} INFO - Starting attempt 1 of 1
[2024-03-23 16:23:16,884] {taskinstance.py:1378} INFO - 
--------------------------------------------------------------------------------
[2024-03-23 16:23:16,926] {taskinstance.py:1397} INFO - Executing <Task(PythonOperator): load_to_postgres> on 2024-03-23 16:23:07.441961+00:00
[2024-03-23 16:23:16,953] {standard_task_runner.py:52} INFO - Started process 752 to run task
[2024-03-23 16:23:16,960] {standard_task_runner.py:79} INFO - Running: ['airflow', 'tasks', 'run', 'load_data_to_postgres', 'load_to_postgres', 'manual__2024-03-23T16:23:07.441961+00:00', '--job-id', '19', '--raw', '--subdir', 'DAGS_FOLDER/api_etl_dbt.py', '--cfg-path', '/tmp/tmp6f_di4ba', '--error-file', '/tmp/tmpndwy_u5e']
[2024-03-23 16:23:16,961] {standard_task_runner.py:80} INFO - Job 19: Subtask load_to_postgres
[2024-03-23 16:23:17,008] {task_command.py:371} INFO - Running <TaskInstance: load_data_to_postgres.load_to_postgres manual__2024-03-23T16:23:07.441961+00:00 [running]> on host eb25ddb3314a
[2024-03-23 16:23:17,088] {taskinstance.py:1591} INFO - Exporting the following env vars:
AIRFLOW_CTX_DAG_OWNER=airflow
AIRFLOW_CTX_DAG_ID=load_data_to_postgres
AIRFLOW_CTX_TASK_ID=load_to_postgres
AIRFLOW_CTX_EXECUTION_DATE=2024-03-23T16:23:07.441961+00:00
AIRFLOW_CTX_TRY_NUMBER=1
AIRFLOW_CTX_DAG_RUN_ID=manual__2024-03-23T16:23:07.441961+00:00
[2024-03-23 16:23:17,095] {logging_mixin.py:115} INFO - {"id":{"0":7544,"1":8035,"2":29518,"3":210730,"4":3326,"5":3360,"6":3492,"7":7467,"8":7898,"9":8014,"10":8158,"11":15905,"12":46451,"13":244860,"14":248978,"15":3231,"16":3257,"17":3459,"18":3705,"19":7599,"20":7905,"21":190797,"22":220574,"23":248734,"24":3331,"25":3372,"26":97085,"27":133584,"28":152770,"29":160846,"30":181901},"name":{"0":"Andr\u00e9 Onana","1":"Tom Heaton","2":"Altay Bay\u0131nd\u0131r","3":"Dermot Mee","4":"Harry Maguire","5":"Rapha\u00ebl Varane","6":"Victor Nilsson-Lindel\u00f6f","7":"Tyrell Malacia","8":"Luke Shaw","9":"Jonny Evans","10":"Aaron Wan-Bissaka","11":"Diogo Dalot","12":"Lisandro Mart\u00ednez","13":"Willy Kambwala","14":"Habeeb Ogunneye","15":"Casemiro","16":"Bruno Fernandes","17":"Christian Eriksen","18":"Sofyan Amrabat","19":"Mason Mount","20":"Scott McTominay","21":"Kobbie Mainoo","22":"Omari Forson","23":"Toby Collyer","24":"Marcus Rashford","25":"Anthony Martial","26":"Antony","27":"Amad Diallo","28":"Rasmus H\u00f8jlund","29":"Shola Shoretire","30":"Alejandro Garnacho"},"position":{"0":"Goalkeeper","1":"Goalkeeper","2":"Goalkeeper","3":"Goalkeeper","4":"Defence","5":"Defence","6":"Defence","7":"Defence","8":"Defence","9":"Defence","10":"Defence","11":"Defence","12":"Defence","13":"Defence","14":"Defence","15":"Midfield","16":"Midfield","17":"Midfield","18":"Midfield","19":"Midfield","20":"Midfield","21":"Midfield","22":"Midfield","23":"Midfield","24":"Offence","25":"Offence","26":"Offence","27":"Offence","28":"Offence","29":"Offence","30":"Forward"},"age":{"0":27,"1":37,"2":25,"3":21,"4":31,"5":30,"6":29,"7":24,"8":28,"9":36,"10":26,"11":25,"12":26,"13":19,"14":18,"15":32,"16":29,"17":32,"18":27,"19":25,"20":27,"21":18,"22":19,"23":20,"24":26,"25":28,"26":24,"27":21,"28":21,"29":20,"30":19},"country_name":{"0":"Cameroon","1":"England","2":"Turkey","3":"England","4":"England","5":"France","6":"Sweden","7":"Netherlands","8":"England","9":"Northern Ireland","10":"England","11":"Portugal","12":"Argentina","13":"DR Congo","14":"England","15":"Brazil","16":"Portugal","17":"Denmark","18":"Morocco","19":"England","20":"Scotland","21":"England","22":"England","23":"England","24":"England","25":"France","26":"Brazil","27":"Ivory Coast","28":"Denmark","29":"Nigeria","30":"Argentina"}} ini adalah tbl_pemain_json
[2024-03-23 16:23:17,096] {taskinstance.py:1909} ERROR - Task failed with exception
Traceback (most recent call last):
  File "/home/airflow/.local/lib/python3.7/site-packages/airflow/operators/python.py", line 171, in execute
    return_value = self.execute_callable()
  File "/home/airflow/.local/lib/python3.7/site-packages/airflow/operators/python.py", line 189, in execute_callable
    return self.python_callable(*self.op_args, **self.op_kwargs)
  File "/opt/airflow/dags/api_etl_dbt.py", line 71, in load_to_postgres
    tbl_pemain_df = pd.DataFrame(tbl_pemain_json)
  File "/home/airflow/.local/lib/python3.7/site-packages/pandas/core/frame.py", line 730, in __init__
    raise ValueError("DataFrame constructor not properly called!")
ValueError: DataFrame constructor not properly called!
[2024-03-23 16:23:17,107] {taskinstance.py:1420} INFO - Marking task as FAILED. dag_id=load_data_to_postgres, task_id=load_to_postgres, execution_date=20240323T162307, start_date=20240323T162316, end_date=20240323T162317
[2024-03-23 16:23:17,123] {standard_task_runner.py:97} ERROR - Failed to execute job 19 for task load_to_postgres (DataFrame constructor not properly called!; 752)
[2024-03-23 16:23:17,133] {local_task_job.py:156} INFO - Task exited with return code 1
[2024-03-23 16:23:17,148] {local_task_job.py:273} INFO - 0 downstream tasks scheduled from follow-on schedule check
