[2024-03-24T22:39:35.502+0000] {taskinstance.py:1979} INFO - Dependencies all met for dep_context=non-requeueable deps ti=<TaskInstance: scrap_load_data_to_postgres.dbt_run_model_1 manual__2024-03-24T22:39:27.333854+00:00 [queued]>
[2024-03-24T22:39:35.505+0000] {taskinstance.py:1979} INFO - Dependencies all met for dep_context=requeueable deps ti=<TaskInstance: scrap_load_data_to_postgres.dbt_run_model_1 manual__2024-03-24T22:39:27.333854+00:00 [queued]>
[2024-03-24T22:39:35.505+0000] {taskinstance.py:2193} INFO - Starting attempt 1 of 1
[2024-03-24T22:39:35.511+0000] {taskinstance.py:2217} INFO - Executing <Task(DbtRunOperator): dbt_run_model_1> on 2024-03-24 22:39:27.333854+00:00
[2024-03-24T22:39:35.515+0000] {standard_task_runner.py:60} INFO - Started process 322 to run task
[2024-03-24T22:39:35.517+0000] {standard_task_runner.py:87} INFO - Running: ['airflow', 'tasks', 'run', 'scrap_load_data_to_postgres', 'dbt_run_model_1', 'manual__2024-03-24T22:39:27.333854+00:00', '--job-id', '7', '--raw', '--subdir', 'DAGS_FOLDER/scrap_elt_.py', '--cfg-path', '/tmp/tmpxo0nrlvo']
[2024-03-24T22:39:35.518+0000] {standard_task_runner.py:88} INFO - Job 7: Subtask dbt_run_model_1
[2024-03-24T22:39:35.534+0000] {task_command.py:423} INFO - Running <TaskInstance: scrap_load_data_to_postgres.dbt_run_model_1 manual__2024-03-24T22:39:27.333854+00:00 [running]> on host 08d9f6b8f655
[2024-03-24T22:39:35.554+0000] {taskinstance.py:2513} INFO - Exporting env vars: AIRFLOW_CTX_DAG_OWNER='airflow' AIRFLOW_CTX_DAG_ID='scrap_load_data_to_postgres' AIRFLOW_CTX_TASK_ID='dbt_run_model_1' AIRFLOW_CTX_EXECUTION_DATE='2024-03-24T22:39:27.333854+00:00' AIRFLOW_CTX_TRY_NUMBER='1' AIRFLOW_CTX_DAG_RUN_ID='manual__2024-03-24T22:39:27.333854+00:00'
[2024-03-24T22:39:35.555+0000] {dbt_hook.py:117} INFO - dbt run --profiles-dir /opt/airflow/dbt/airflowdbt --select model_1
[2024-03-24T22:39:35.562+0000] {dbt_hook.py:126} INFO - Output:
[2024-03-24T22:39:36.934+0000] {dbt_hook.py:130} INFO - [0m22:39:36  Running with dbt=1.7.10
[2024-03-24T22:39:37.131+0000] {dbt_hook.py:130} INFO - [0m22:39:37  Registered adapter: postgres=1.7.10
[2024-03-24T22:39:37.137+0000] {dbt_hook.py:130} INFO - [0m22:39:37  Unable to do partial parsing because saved manifest not found. Starting full parse.
[2024-03-24T22:39:37.726+0000] {dbt_hook.py:130} INFO - [0m22:39:37  [[33mWARNING[0m]: Configuration paths exist in your dbt_project.yml file which do not apply to any resources.
[2024-03-24T22:39:37.727+0000] {dbt_hook.py:130} INFO - There are 1 unused configuration paths:
[2024-03-24T22:39:37.727+0000] {dbt_hook.py:130} INFO - - models.airflowdbt.example
[2024-03-24T22:39:37.743+0000] {dbt_hook.py:130} INFO - [0m22:39:37  Found 1 model, 2 tests, 0 sources, 0 exposures, 0 metrics, 401 macros, 0 groups, 0 semantic models
[2024-03-24T22:39:37.744+0000] {dbt_hook.py:130} INFO - [0m22:39:37  The selection criterion 'model_1' does not match any nodes
[2024-03-24T22:39:37.745+0000] {dbt_hook.py:130} INFO - [0m22:39:37
[2024-03-24T22:39:37.745+0000] {dbt_hook.py:130} INFO - [0m22:39:37  Nothing to do. Try checking your model configs and model specification args
[2024-03-24T22:39:39.394+0000] {dbt_hook.py:132} INFO - Command exited with return code 0
[2024-03-24T22:39:39.409+0000] {taskinstance.py:1149} INFO - Marking task as SUCCESS. dag_id=scrap_load_data_to_postgres, task_id=dbt_run_model_1, execution_date=20240324T223927, start_date=20240324T223935, end_date=20240324T223939
[2024-03-24T22:39:39.434+0000] {local_task_job_runner.py:234} INFO - Task exited with return code 0
[2024-03-24T22:39:39.495+0000] {taskinstance.py:3312} INFO - 0 downstream tasks scheduled from follow-on schedule check
