[2024-03-23T16:57:14.792+0000] {taskinstance.py:1979} INFO - Dependencies all met for dep_context=non-requeueable deps ti=<TaskInstance: load_data_to_postgres.transform_data manual__2024-03-23T16:57:07.382646+00:00 [queued]>
[2024-03-23T16:57:14.795+0000] {taskinstance.py:1979} INFO - Dependencies all met for dep_context=requeueable deps ti=<TaskInstance: load_data_to_postgres.transform_data manual__2024-03-23T16:57:07.382646+00:00 [queued]>
[2024-03-23T16:57:14.795+0000] {taskinstance.py:2193} INFO - Starting attempt 1 of 1
[2024-03-23T16:57:14.810+0000] {taskinstance.py:2217} INFO - Executing <Task(PythonOperator): transform_data> on 2024-03-23 16:57:07.382646+00:00
[2024-03-23T16:57:14.842+0000] {standard_task_runner.py:60} INFO - Started process 466 to run task
[2024-03-23T16:57:14.848+0000] {standard_task_runner.py:87} INFO - Running: ['airflow', 'tasks', 'run', 'load_data_to_postgres', 'transform_data', 'manual__2024-03-23T16:57:07.382646+00:00', '--job-id', '9', '--raw', '--subdir', 'DAGS_FOLDER/api_etl_dbt.py', '--cfg-path', '/tmp/tmpbnvpf53f']
[2024-03-23T16:57:14.849+0000] {standard_task_runner.py:88} INFO - Job 9: Subtask transform_data
[2024-03-23T16:57:14.882+0000] {task_command.py:423} INFO - Running <TaskInstance: load_data_to_postgres.transform_data manual__2024-03-23T16:57:07.382646+00:00 [running]> on host befec2369278
[2024-03-23T16:57:14.910+0000] {taskinstance.py:2513} INFO - Exporting env vars: AIRFLOW_CTX_DAG_OWNER='airflow' AIRFLOW_CTX_DAG_ID='load_data_to_postgres' AIRFLOW_CTX_TASK_ID='transform_data' AIRFLOW_CTX_EXECUTION_DATE='2024-03-23T16:57:07.382646+00:00' AIRFLOW_CTX_TRY_NUMBER='1' AIRFLOW_CTX_DAG_RUN_ID='manual__2024-03-23T16:57:07.382646+00:00'
[2024-03-23T16:57:14.914+0000] {logging_mixin.py:188} INFO - [{'id': 7544, 'name': 'André Onana', 'position': 'Goalkeeper', 'dateOfBirth': '1996-04-02', 'nationality': 'Cameroon'}, {'id': 8035, 'name': 'Tom Heaton', 'position': 'Goalkeeper', 'dateOfBirth': '1986-04-15', 'nationality': 'England'}, {'id': 29518, 'name': 'Altay Bayındır', 'position': 'Goalkeeper', 'dateOfBirth': '1998-04-14', 'nationality': 'Turkey'}, {'id': 210730, 'name': 'Dermot Mee', 'position': 'Goalkeeper', 'dateOfBirth': '2002-11-20', 'nationality': 'England'}, {'id': 3326, 'name': 'Harry Maguire', 'position': 'Defence', 'dateOfBirth': '1993-03-05', 'nationality': 'England'}, {'id': 3360, 'name': 'Raphaël Varane', 'position': 'Defence', 'dateOfBirth': '1993-04-25', 'nationality': 'France'}, {'id': 3492, 'name': 'Victor Nilsson-Lindelöf', 'position': 'Defence', 'dateOfBirth': '1994-07-17', 'nationality': 'Sweden'}, {'id': 7467, 'name': 'Tyrell Malacia', 'position': 'Defence', 'dateOfBirth': '1999-08-17', 'nationality': 'Netherlands'}, {'id': 7898, 'name': 'Luke Shaw', 'position': 'Defence', 'dateOfBirth': '1995-07-12', 'nationality': 'England'}, {'id': 8014, 'name': 'Jonny Evans', 'position': 'Defence', 'dateOfBirth': '1988-01-03', 'nationality': 'Northern Ireland'}, {'id': 8158, 'name': 'Aaron Wan-Bissaka', 'position': 'Defence', 'dateOfBirth': '1997-11-26', 'nationality': 'England'}, {'id': 15905, 'name': 'Diogo Dalot', 'position': 'Defence', 'dateOfBirth': '1999-03-18', 'nationality': 'Portugal'}, {'id': 46451, 'name': 'Lisandro Martínez', 'position': 'Defence', 'dateOfBirth': '1998-01-18', 'nationality': 'Argentina'}, {'id': 244860, 'name': 'Willy Kambwala', 'position': 'Defence', 'dateOfBirth': '2004-08-25', 'nationality': 'DR Congo'}, {'id': 248978, 'name': 'Habeeb Ogunneye', 'position': 'Defence', 'dateOfBirth': '2005-11-12', 'nationality': 'England'}, {'id': 3231, 'name': 'Casemiro', 'position': 'Midfield', 'dateOfBirth': '1992-02-23', 'nationality': 'Brazil'}, {'id': 3257, 'name': 'Bruno Fernandes', 'position': 'Midfield', 'dateOfBirth': '1994-09-08', 'nationality': 'Portugal'}, {'id': 3459, 'name': 'Christian Eriksen', 'position': 'Midfield', 'dateOfBirth': '1992-02-14', 'nationality': 'Denmark'}, {'id': 3705, 'name': 'Sofyan Amrabat', 'position': 'Midfield', 'dateOfBirth': '1996-08-21', 'nationality': 'Morocco'}, {'id': 7599, 'name': 'Mason Mount', 'position': 'Midfield', 'dateOfBirth': '1999-01-10', 'nationality': 'England'}, {'id': 7905, 'name': 'Scott McTominay', 'position': 'Midfield', 'dateOfBirth': '1996-12-08', 'nationality': 'Scotland'}, {'id': 190797, 'name': 'Kobbie Mainoo', 'position': 'Midfield', 'dateOfBirth': '2005-04-19', 'nationality': 'England'}, {'id': 220574, 'name': 'Omari Forson', 'position': 'Midfield', 'dateOfBirth': '2004-07-20', 'nationality': 'England'}, {'id': 248734, 'name': 'Toby Collyer', 'position': 'Midfield', 'dateOfBirth': '2004-01-03', 'nationality': 'England'}, {'id': 3331, 'name': 'Marcus Rashford', 'position': 'Offence', 'dateOfBirth': '1997-10-31', 'nationality': 'England'}, {'id': 3372, 'name': 'Anthony Martial', 'position': 'Offence', 'dateOfBirth': '1995-12-05', 'nationality': 'France'}, {'id': 97085, 'name': 'Antony', 'position': 'Offence', 'dateOfBirth': '2000-02-24', 'nationality': 'Brazil'}, {'id': 133584, 'name': 'Amad Diallo', 'position': 'Offence', 'dateOfBirth': '2002-07-11', 'nationality': 'Ivory Coast'}, {'id': 152770, 'name': 'Rasmus Højlund', 'position': 'Offence', 'dateOfBirth': '2003-02-04', 'nationality': 'Denmark'}, {'id': 160846, 'name': 'Shola Shoretire', 'position': 'Offence', 'dateOfBirth': '2004-02-02', 'nationality': 'Nigeria'}, {'id': 181901, 'name': 'Alejandro Garnacho', 'position': 'Forward', 'dateOfBirth': '2004-07-01', 'nationality': 'Argentina'}] ini adalah players
[2024-03-23T16:57:14.920+0000] {taskinstance.py:2731} ERROR - Task failed with exception
Traceback (most recent call last):
  File "/home/airflow/.local/lib/python3.8/site-packages/airflow/models/taskinstance.py", line 444, in _execute_task
    result = _execute_callable(context=context, **execute_callable_kwargs)
  File "/home/airflow/.local/lib/python3.8/site-packages/airflow/models/taskinstance.py", line 414, in _execute_callable
    return execute_callable(context=context, **execute_callable_kwargs)
  File "/home/airflow/.local/lib/python3.8/site-packages/airflow/operators/python.py", line 200, in execute
    return_value = self.execute_callable()
  File "/home/airflow/.local/lib/python3.8/site-packages/airflow/operators/python.py", line 217, in execute_callable
    return self.python_callable(*self.op_args, **self.op_kwargs)
  File "/opt/airflow/dags/api_etl_dbt.py", line 38, in transform_data
    tbl_pemain_df = tbl_pemain_df.append({
  File "/home/airflow/.local/lib/python3.8/site-packages/pandas/core/generic.py", line 5989, in __getattr__
    return object.__getattribute__(self, name)
AttributeError: 'DataFrame' object has no attribute 'append'
[2024-03-23T16:57:14.947+0000] {taskinstance.py:1149} INFO - Marking task as FAILED. dag_id=load_data_to_postgres, task_id=transform_data, execution_date=20240323T165707, start_date=20240323T165714, end_date=20240323T165714
[2024-03-23T16:57:14.956+0000] {standard_task_runner.py:107} ERROR - Failed to execute job 9 for task transform_data ('DataFrame' object has no attribute 'append'; 466)
[2024-03-23T16:57:14.996+0000] {local_task_job_runner.py:234} INFO - Task exited with return code 1
[2024-03-23T16:57:15.030+0000] {taskinstance.py:3312} INFO - 0 downstream tasks scheduled from follow-on schedule check
