[2024-03-24T08:06:01.013+0000] {taskinstance.py:1979} INFO - Dependencies all met for dep_context=non-requeueable deps ti=<TaskInstance: scrap_load_data_to_postgres.extract_data_from_web manual__2024-03-24T08:05:57.087224+00:00 [queued]>
[2024-03-24T08:06:01.016+0000] {taskinstance.py:1979} INFO - Dependencies all met for dep_context=requeueable deps ti=<TaskInstance: scrap_load_data_to_postgres.extract_data_from_web manual__2024-03-24T08:05:57.087224+00:00 [queued]>
[2024-03-24T08:06:01.016+0000] {taskinstance.py:2193} INFO - Starting attempt 1 of 1
[2024-03-24T08:06:01.024+0000] {taskinstance.py:2217} INFO - Executing <Task(PythonOperator): extract_data_from_web> on 2024-03-24 08:05:57.087224+00:00
[2024-03-24T08:06:01.041+0000] {standard_task_runner.py:60} INFO - Started process 1236 to run task
[2024-03-24T08:06:01.046+0000] {standard_task_runner.py:87} INFO - Running: ['airflow', 'tasks', 'run', 'scrap_load_data_to_postgres', 'extract_data_from_web', 'manual__2024-03-24T08:05:57.087224+00:00', '--job-id', '12', '--raw', '--subdir', 'DAGS_FOLDER/scrap_elt_.py', '--cfg-path', '/tmp/tmpg_g59dda']
[2024-03-24T08:06:01.049+0000] {standard_task_runner.py:88} INFO - Job 12: Subtask extract_data_from_web
[2024-03-24T08:06:01.094+0000] {task_command.py:423} INFO - Running <TaskInstance: scrap_load_data_to_postgres.extract_data_from_web manual__2024-03-24T08:05:57.087224+00:00 [running]> on host c112f9517df7
[2024-03-24T08:06:01.174+0000] {taskinstance.py:2513} INFO - Exporting env vars: AIRFLOW_CTX_DAG_OWNER='airflow' AIRFLOW_CTX_DAG_ID='scrap_load_data_to_postgres' AIRFLOW_CTX_TASK_ID='extract_data_from_web' AIRFLOW_CTX_EXECUTION_DATE='2024-03-24T08:05:57.087224+00:00' AIRFLOW_CTX_TRY_NUMBER='1' AIRFLOW_CTX_DAG_RUN_ID='manual__2024-03-24T08:05:57.087224+00:00'
[2024-03-24T08:06:02.929+0000] {logging_mixin.py:188} INFO - Sukses!
[2024-03-24T08:06:02.970+0000] {logging_mixin.py:188} INFO - 30 Jun 2028
[2024-03-24T08:06:02.971+0000] {logging_mixin.py:188} INFO - 30 Jun 2027
[2024-03-24T08:06:02.972+0000] {logging_mixin.py:188} INFO - 30 Jun 2024
[2024-03-24T08:06:02.972+0000] {logging_mixin.py:188} INFO - 30 Jun 2027
[2024-03-24T08:06:02.974+0000] {taskinstance.py:2731} ERROR - Task failed with exception
Traceback (most recent call last):
  File "/home/airflow/.local/lib/python3.8/site-packages/airflow/models/taskinstance.py", line 444, in _execute_task
    result = _execute_callable(context=context, **execute_callable_kwargs)
  File "/home/airflow/.local/lib/python3.8/site-packages/airflow/models/taskinstance.py", line 414, in _execute_callable
    return execute_callable(context=context, **execute_callable_kwargs)
  File "/home/airflow/.local/lib/python3.8/site-packages/airflow/operators/python.py", line 200, in execute
    return_value = self.execute_callable()
  File "/home/airflow/.local/lib/python3.8/site-packages/airflow/operators/python.py", line 217, in execute_callable
    return self.python_callable(*self.op_args, **self.op_kwargs)
  File "/opt/airflow/dags/scrap_elt_.py", line 50, in extract_data_from_web
    tanggal_obj = datetime.strptime(second_col[5].text.strip(), '%d %b %Y')
  File "/usr/local/lib/python3.8/_strptime.py", line 568, in _strptime_datetime
    tt, fraction, gmtoff_fraction = _strptime(data_string, format)
  File "/usr/local/lib/python3.8/_strptime.py", line 349, in _strptime
    raise ValueError("time data %r does not match format %r" %
ValueError: time data '14 Agt 2021' does not match format '%d %b %Y'
[2024-03-24T08:06:02.994+0000] {taskinstance.py:1149} INFO - Marking task as FAILED. dag_id=scrap_load_data_to_postgres, task_id=extract_data_from_web, execution_date=20240324T080557, start_date=20240324T080601, end_date=20240324T080602
[2024-03-24T08:06:03.007+0000] {standard_task_runner.py:107} ERROR - Failed to execute job 12 for task extract_data_from_web (time data '14 Agt 2021' does not match format '%d %b %Y'; 1236)
[2024-03-24T08:06:03.079+0000] {local_task_job_runner.py:234} INFO - Task exited with return code 1
[2024-03-24T08:06:03.104+0000] {taskinstance.py:3312} INFO - 0 downstream tasks scheduled from follow-on schedule check
